c:\users\gvita\desktop\vitas\vitachok\x64\debug\vc141.pdb
c:\users\gvita\desktop\vitas\vitachok\x64\debug\vc141.idb
c:\users\gvita\desktop\vitas\vitachok\x64\debug\gameobject.obj
c:\users\gvita\desktop\vitas\vitachok\x64\debug\menuobject.obj
c:\users\gvita\desktop\vitas\vitachok\x64\debug\application.obj
c:\users\gvita\desktop\vitas\vitachok\x64\debug\canvas.obj
c:\users\gvita\desktop\vitas\vitachok\x64\debug\console.obj
c:\users\gvita\desktop\vitas\vitachok\x64\debug\main.obj
c:\users\gvita\desktop\vitas\vitachok\x64\debug\mainobject.obj
c:\users\gvita\desktop\vitas\vitachok\x64\debug\utils.obj
c:\users\gvita\desktop\vitas\x64\debug\raceconsolegame.pdb
c:\users\gvita\desktop\vitas\vitachok\x64\debug\raceconsolegame.tlog\cl.command.1.tlog
c:\users\gvita\desktop\vitas\vitachok\x64\debug\raceconsolegame.tlog\cl.read.1.tlog
c:\users\gvita\desktop\vitas\vitachok\x64\debug\raceconsolegame.tlog\cl.write.1.tlog
c:\users\gvita\desktop\vitas\vitachok\x64\debug\raceconsolegame.tlog\link-cvtres.read.1.tlog
c:\users\gvita\desktop\vitas\vitachok\x64\debug\raceconsolegame.tlog\link-cvtres.write.1.tlog
c:\users\gvita\desktop\vitas\vitachok\x64\debug\raceconsolegame.tlog\link-rc.read.1.tlog
c:\users\gvita\desktop\vitas\vitachok\x64\debug\raceconsolegame.tlog\link-rc.write.1.tlog
c:\users\gvita\desktop\vitas\vitachok\x64\debug\raceconsolegame.tlog\link.command.1.tlog
c:\users\gvita\desktop\vitas\vitachok\x64\debug\raceconsolegame.tlog\link.read.1.tlog
c:\users\gvita\desktop\vitas\vitachok\x64\debug\raceconsolegame.tlog\link.write.1.tlog
